# JRE version: OpenJDK Runtime Environment (8.0_91-b14) (build 1.8.0_91-8u91-b14-3ubuntu1~16.04.1-b14)
# Java VM: OpenJDK 64-Bit Server VM (25.91-b14 mixed mode linux-amd64 compressed oops)
Heap:
 PSYoungGen      total 288768K, used 0K [0x00000000eb800000, 0x00000000ffe80000, 0x0000000100000000)
  eden space 244224K, 0% used [0x00000000eb800000,0x00000000eb800000,0x00000000fa680000)
  from space 44544K, 0% used [0x00000000fa680000,0x00000000fa680000,0x00000000fd200000)
  to   space 43520K, 0% used [0x00000000fd400000,0x00000000fd400000,0x00000000ffe80000)
 ParOldGen       total 196608K, used 174332K [0x00000000c2800000, 0x00000000ce800000, 0x00000000eb800000)
  object space 196608K, 88% used [0x00000000c2800000,0x00000000cd23f110,0x00000000ce800000)
 Metaspace       used 53586K, capacity 54378K, committed 54824K, reserved 1097728K
  class space    used 7157K, capacity 7388K, committed 7472K, reserved 1048576K
GC Heap History (10 events):
Event: 422.254 GC heap after
Heap after GC invocations=206 (full 4):
 PSYoungGen      total 273408K, used 29392K [0x00000000eb800000, 0x0000000100000000, 0x0000000100000000)
  eden space 243712K, 0% used [0x00000000eb800000,0x00000000eb800000,0x00000000fa600000)
  from space 29696K, 98% used [0x00000000fa600000,0x00000000fc2b40d0,0x00000000fc300000)
  to   space 47104K, 0% used [0x00000000fd200000,0x00000000fd200000,0x0000000100000000)
 ParOldGen       total 196608K, used 170484K [0x00000000c2800000, 0x00000000ce800000, 0x00000000eb800000)
  object space 196608K, 86% used [0x00000000c2800000,0x00000000cce7d2a0,0x00000000ce800000)
 Metaspace       used 53583K, capacity 54378K, committed 54824K, reserved 1097728K
  class space    used 7157K, capacity 7388K, committed 7472K, reserved 1048576K
}
Event: 423.173 GC heap before
{Heap before GC invocations=207 (full 4):
 PSYoungGen      total 273408K, used 273104K [0x00000000eb800000, 0x0000000100000000, 0x0000000100000000)
  eden space 243712K, 100% used [0x00000000eb800000,0x00000000fa600000,0x00000000fa600000)
  from space 29696K, 98% used [0x00000000fa600000,0x00000000fc2b40d0,0x00000000fc300000)
  to   space 47104K, 0% used [0x00000000fd200000,0x00000000fd200000,0x0000000100000000)
 ParOldGen       total 196608K, used 170484K [0x00000000c2800000, 0x00000000ce800000, 0x00000000eb800000)
  object space 196608K, 86% used [0x00000000c2800000,0x00000000cce7d2a0,0x00000000ce800000)
 Metaspace       used 53583K, capacity 54378K, committed 54824K, reserved 1097728K
  class space    used 7157K, capacity 7388K, committed 7472K, reserved 1048576K
Event: 423.410 GC heap after
Heap after GC invocations=207 (full 4):
 PSYoungGen      total 290304K, used 24083K [0x00000000eb800000, 0x0000000100000000, 0x0000000100000000)
  eden space 243200K, 0% used [0x00000000eb800000,0x00000000eb800000,0x00000000fa580000)
  from space 47104K, 51% used [0x00000000fd200000,0x00000000fe984e60,0x0000000100000000)
  to   space 45568K, 0% used [0x00000000fa580000,0x00000000fa580000,0x00000000fd200000)
 ParOldGen       total 196608K, used 175908K [0x00000000c2800000, 0x00000000ce800000, 0x00000000eb800000)
  object space 196608K, 89% used [0x00000000c2800000,0x00000000cd3c92a0,0x00000000ce800000)
 Metaspace       used 53583K, capacity 54378K, committed 54824K, reserved 1097728K
  class space    used 7157K, capacity 7388K, committed 7472K, reserved 1048576K
}
Event: 424.265 GC heap before
{Heap before GC invocations=208 (full 4):
 PSYoungGen      total 290304K, used 267283K [0x00000000eb800000, 0x0000000100000000, 0x0000000100000000)
  eden space 243200K, 100% used [0x00000000eb800000,0x00000000fa580000,0x00000000fa580000)
  from space 47104K, 51% used [0x00000000fd200000,0x00000000fe984e60,0x0000000100000000)
  to   space 45568K, 0% used [0x00000000fa580000,0x00000000fa580000,0x00000000fd200000)
 ParOldGen       total 196608K, used 175908K [0x00000000c2800000, 0x00000000ce800000, 0x00000000eb800000)
  object space 196608K, 89% used [0x00000000c2800000,0x00000000cd3c92a0,0x00000000ce800000)
 Metaspace       used 53583K, capacity 54378K, committed 54824K, reserved 1097728K
  class space    used 7157K, capacity 7388K, committed 7472K, reserved 1048576K
Event: 424.325 GC heap after
Heap after GC invocations=208 (full 4):
 PSYoungGen      total 288768K, used 29664K [0x00000000eb800000, 0x00000000fff80000, 0x0000000100000000)
  eden space 243200K, 0% used [0x00000000eb800000,0x00000000eb800000,0x00000000fa580000)
  from space 45568K, 65% used [0x00000000fa580000,0x00000000fc2780f0,0x00000000fd200000)
  to   space 46080K, 0% used [0x00000000fd280000,0x00000000fd280000,0x00000000fff80000)
 ParOldGen       total 196608K, used 175916K [0x00000000c2800000, 0x00000000ce800000, 0x00000000eb800000)
  object space 196608K, 89% used [0x00000000c2800000,0x00000000cd3cb2a0,0x00000000ce800000)
 Metaspace       used 53583K, capacity 54378K, committed 54824K, reserved 1097728K
  class space    used 7157K, capacity 7388K, committed 7472K, reserved 1048576K
}
Event: 425.052 GC heap before
{Heap before GC invocations=209 (full 4):
 PSYoungGen      total 288768K, used 272864K [0x00000000eb800000, 0x00000000fff80000, 0x0000000100000000)
  eden space 243200K, 100% used [0x00000000eb800000,0x00000000fa580000,0x00000000fa580000)
  from space 45568K, 65% used [0x00000000fa580000,0x00000000fc2780f0,0x00000000fd200000)
  to   space 46080K, 0% used [0x00000000fd280000,0x00000000fd280000,0x00000000fff80000)
 ParOldGen       total 196608K, used 175916K [0x00000000c2800000, 0x00000000ce800000, 0x00000000eb800000)
  object space 196608K, 89% used [0x00000000c2800000,0x00000000cd3cb2a0,0x00000000ce800000)
 Metaspace       used 53583K, capacity 54378K, committed 54824K, reserved 1097728K
  class space    used 7157K, capacity 7388K, committed 7472K, reserved 1048576K
Event: 425.126 GC heap after
Heap after GC invocations=209 (full 4):
 PSYoungGen      total 288256K, used 23824K [0x00000000eb800000, 0x00000000ffd80000, 0x0000000100000000)
  eden space 244224K, 0% used [0x00000000eb800000,0x00000000eb800000,0x00000000fa680000)
  from space 44032K, 54% used [0x00000000fd280000,0x00000000fe9c4100,0x00000000ffd80000)
  to   space 44544K, 0% used [0x00000000fa680000,0x00000000fa680000,0x00000000fd200000)
 ParOldGen       total 196608K, used 181780K [0x00000000c2800000, 0x00000000ce800000, 0x00000000eb800000)
  object space 196608K, 92% used [0x00000000c2800000,0x00000000cd9852a0,0x00000000ce800000)
 Metaspace       used 53583K, capacity 54378K, committed 54824K, reserved 1097728K
  class space    used 7157K, capacity 7388K, committed 7472K, reserved 1048576K
}
Event: 426.132 GC heap before
{Heap before GC invocations=210 (full 4):
 PSYoungGen      total 288256K, used 268048K [0x00000000eb800000, 0x00000000ffd80000, 0x0000000100000000)
  eden space 244224K, 100% used [0x00000000eb800000,0x00000000fa680000,0x00000000fa680000)
  from space 44032K, 54% used [0x00000000fd280000,0x00000000fe9c4100,0x00000000ffd80000)
  to   space 44544K, 0% used [0x00000000fa680000,0x00000000fa680000,0x00000000fd200000)
 ParOldGen       total 196608K, used 181780K [0x00000000c2800000, 0x00000000ce800000, 0x00000000eb800000)
  object space 196608K, 92% used [0x00000000c2800000,0x00000000cd9852a0,0x00000000ce800000)
 Metaspace       used 53586K, capacity 54378K, committed 54824K, reserved 1097728K
  class space    used 7157K, capacity 7388K, committed 7472K, reserved 1048576K
Event: 426.311 GC heap after
Heap after GC invocations=210 (full 4):
 PSYoungGen      total 288768K, used 25504K [0x00000000eb800000, 0x00000000ffe80000, 0x0000000100000000)
  eden space 244224K, 0% used [0x00000000eb800000,0x00000000eb800000,0x00000000fa680000)
  from space 44544K, 57% used [0x00000000fa680000,0x00000000fbf68010,0x00000000fd200000)
  to   space 43520K, 0% used [0x00000000fd400000,0x00000000fd400000,0x00000000ffe80000)
 ParOldGen       total 196608K, used 189037K [0x00000000c2800000, 0x00000000ce800000, 0x00000000eb800000)
  object space 196608K, 96% used [0x00000000c2800000,0x00000000ce09b590,0x00000000ce800000)
 Metaspace       used 53586K, capacity 54378K, committed 54824K, reserved 1097728K
  class space    used 7157K, capacity 7388K, committed 7472K, reserved 1048576K
}
Event: 426.311 GC heap before
{Heap before GC invocations=211 (full 5):
 PSYoungGen      total 288768K, used 25504K [0x00000000eb800000, 0x00000000ffe80000, 0x0000000100000000)
  eden space 244224K, 0% used [0x00000000eb800000,0x00000000eb800000,0x00000000fa680000)
  from space 44544K, 57% used [0x00000000fa680000,0x00000000fbf68010,0x00000000fd200000)
  to   space 43520K, 0% used [0x00000000fd400000,0x00000000fd400000,0x00000000ffe80000)
 ParOldGen       total 196608K, used 189037K [0x00000000c2800000, 0x00000000ce800000, 0x00000000eb800000)
  object space 196608K, 96% used [0x00000000c2800000,0x00000000ce09b590,0x00000000ce800000)
 Metaspace       used 53586K, capacity 54378K, committed 54824K, reserved 1097728K
  class space    used 7157K, capacity 7388K, committed 7472K, reserved 1048576K

