# JRE version: OpenJDK Runtime Environment (8.0_91-b14) (build 1.8.0_91-8u91-b14-3ubuntu1~16.04.1-b14)
# Java VM: OpenJDK 64-Bit Server VM (25.91-b14 mixed mode linux-amd64 compressed oops)
Heap:
 PSYoungGen      total 232960K, used 6785K [0x00000000eb800000, 0x00000000fa980000, 0x0000000100000000)
  eden space 222208K, 0% used [0x00000000eb800000,0x00000000eb800000,0x00000000f9100000)
  from space 10752K, 63% used [0x00000000f9480000,0x00000000f9b20758,0x00000000f9f00000)
  to   space 8192K, 0% used [0x00000000fa180000,0x00000000fa180000,0x00000000fa980000)
 ParOldGen       total 44544K, used 18822K [0x00000000c2800000, 0x00000000c5380000, 0x00000000eb800000)
  object space 44544K, 42% used [0x00000000c2800000,0x00000000c3a619a8,0x00000000c5380000)
 Metaspace       used 44621K, capacity 45350K, committed 45480K, reserved 1087488K
  class space    used 6327K, capacity 6516K, committed 6576K, reserved 1048576K
GC Heap History (10 events):
Event: 7.091 GC heap after
Heap after GC invocations=6 (full 1):
 PSYoungGen      total 66048K, used 0K [0x00000000eb800000, 0x00000000f4200000, 0x0000000100000000)
  eden space 63488K, 0% used [0x00000000eb800000,0x00000000eb800000,0x00000000ef600000)
  from space 2560K, 0% used [0x00000000ef600000,0x00000000ef600000,0x00000000ef880000)
  to   space 7168K, 0% used [0x00000000f3b00000,0x00000000f3b00000,0x00000000f4200000)
 ParOldGen       total 35840K, used 13420K [0x00000000c2800000, 0x00000000c4b00000, 0x00000000eb800000)
  object space 35840K, 37% used [0x00000000c2800000,0x00000000c351b330,0x00000000c4b00000)
 Metaspace       used 21052K, capacity 21262K, committed 21296K, reserved 1067008K
  class space    used 2769K, capacity 2835K, committed 2864K, reserved 1048576K
}
Event: 8.657 GC heap before
{Heap before GC invocations=7 (full 1):
 PSYoungGen      total 66048K, used 63488K [0x00000000eb800000, 0x00000000f4200000, 0x0000000100000000)
  eden space 63488K, 100% used [0x00000000eb800000,0x00000000ef600000,0x00000000ef600000)
  from space 2560K, 0% used [0x00000000ef600000,0x00000000ef600000,0x00000000ef880000)
  to   space 7168K, 0% used [0x00000000f3b00000,0x00000000f3b00000,0x00000000f4200000)
 ParOldGen       total 35840K, used 13420K [0x00000000c2800000, 0x00000000c4b00000, 0x00000000eb800000)
  object space 35840K, 37% used [0x00000000c2800000,0x00000000c351b330,0x00000000c4b00000)
 Metaspace       used 28320K, capacity 28614K, committed 28848K, reserved 1075200K
  class space    used 3870K, capacity 3959K, committed 4016K, reserved 1048576K
Event: 8.811 GC heap after
Heap after GC invocations=7 (full 1):
 PSYoungGen      total 126464K, used 7162K [0x00000000eb800000, 0x00000000f4200000, 0x0000000100000000)
  eden space 119296K, 0% used [0x00000000eb800000,0x00000000eb800000,0x00000000f2c80000)
  from space 7168K, 99% used [0x00000000f3b00000,0x00000000f41feb40,0x00000000f4200000)
  to   space 8704K, 0% used [0x00000000f3100000,0x00000000f3100000,0x00000000f3980000)
 ParOldGen       total 35840K, used 14962K [0x00000000c2800000, 0x00000000c4b00000, 0x00000000eb800000)
  object space 35840K, 41% used [0x00000000c2800000,0x00000000c369c9a0,0x00000000c4b00000)
 Metaspace       used 28320K, capacity 28614K, committed 28848K, reserved 1075200K
  class space    used 3870K, capacity 3959K, committed 4016K, reserved 1048576K
}
Event: 11.895 GC heap before
{Heap before GC invocations=8 (full 1):
 PSYoungGen      total 126464K, used 73817K [0x00000000eb800000, 0x00000000f4200000, 0x0000000100000000)
  eden space 119296K, 55% used [0x00000000eb800000,0x00000000ef917a00,0x00000000f2c80000)
  from space 7168K, 99% used [0x00000000f3b00000,0x00000000f41feb40,0x00000000f4200000)
  to   space 8704K, 0% used [0x00000000f3100000,0x00000000f3100000,0x00000000f3980000)
 ParOldGen       total 35840K, used 14962K [0x00000000c2800000, 0x00000000c4b00000, 0x00000000eb800000)
  object space 35840K, 41% used [0x00000000c2800000,0x00000000c369c9a0,0x00000000c4b00000)
 Metaspace       used 35111K, capacity 35334K, committed 35496K, reserved 1079296K
  class space    used 4894K, capacity 4983K, committed 5040K, reserved 1048576K
Event: 15.925 GC heap after
Heap after GC invocations=8 (full 1):
 PSYoungGen      total 132608K, used 8686K [0x00000000eb800000, 0x00000000fac00000, 0x0000000100000000)
  eden space 123904K, 0% used [0x00000000eb800000,0x00000000eb800000,0x00000000f3100000)
  from space 8704K, 99% used [0x00000000f3100000,0x00000000f397ba78,0x00000000f3980000)
  to   space 10752K, 0% used [0x00000000fa180000,0x00000000fa180000,0x00000000fac00000)
 ParOldGen       total 35840K, used 16842K [0x00000000c2800000, 0x00000000c4b00000, 0x00000000eb800000)
  object space 35840K, 46% used [0x00000000c2800000,0x00000000c3872920,0x00000000c4b00000)
 Metaspace       used 35111K, capacity 35334K, committed 35496K, reserved 1079296K
  class space    used 4894K, capacity 4983K, committed 5040K, reserved 1048576K
}
Event: 15.925 GC heap before
{Heap before GC invocations=9 (full 2):
 PSYoungGen      total 132608K, used 8686K [0x00000000eb800000, 0x00000000fac00000, 0x0000000100000000)
  eden space 123904K, 0% used [0x00000000eb800000,0x00000000eb800000,0x00000000f3100000)
  from space 8704K, 99% used [0x00000000f3100000,0x00000000f397ba78,0x00000000f3980000)
  to   space 10752K, 0% used [0x00000000fa180000,0x00000000fa180000,0x00000000fac00000)
 ParOldGen       total 35840K, used 16842K [0x00000000c2800000, 0x00000000c4b00000, 0x00000000eb800000)
  object space 35840K, 46% used [0x00000000c2800000,0x00000000c3872920,0x00000000c4b00000)
 Metaspace       used 35111K, capacity 35334K, committed 35496K, reserved 1079296K
  class space    used 4894K, capacity 4983K, committed 5040K, reserved 1048576K
Event: 16.758 GC heap after
Heap after GC invocations=9 (full 2):
 PSYoungGen      total 132608K, used 0K [0x00000000eb800000, 0x00000000fac00000, 0x0000000100000000)
  eden space 123904K, 0% used [0x00000000eb800000,0x00000000eb800000,0x00000000f3100000)
  from space 8704K, 0% used [0x00000000f3100000,0x00000000f3100000,0x00000000f3980000)
  to   space 10752K, 0% used [0x00000000fa180000,0x00000000fa180000,0x00000000fac00000)
 ParOldGen       total 44544K, used 18806K [0x00000000c2800000, 0x00000000c5380000, 0x00000000eb800000)
  object space 44544K, 42% used [0x00000000c2800000,0x00000000c3a5d9a8,0x00000000c5380000)
 Metaspace       used 35111K, capacity 35334K, committed 35496K, reserved 1079296K
  class space    used 4894K, capacity 4983K, committed 5040K, reserved 1048576K
}
Event: 28.058 GC heap before
{Heap before GC invocations=10 (full 2):
 PSYoungGen      total 132608K, used 123904K [0x00000000eb800000, 0x00000000fac00000, 0x0000000100000000)
  eden space 123904K, 100% used [0x00000000eb800000,0x00000000f3100000,0x00000000f3100000)
  from space 8704K, 0% used [0x00000000f3100000,0x00000000f3100000,0x00000000f3980000)
  to   space 10752K, 0% used [0x00000000fa180000,0x00000000fa180000,0x00000000fac00000)
 ParOldGen       total 44544K, used 18806K [0x00000000c2800000, 0x00000000c5380000, 0x00000000eb800000)
  object space 44544K, 42% used [0x00000000c2800000,0x00000000c3a5d9a8,0x00000000c5380000)
 Metaspace       used 42749K, capacity 43362K, committed 43432K, reserved 1087488K
  class space    used 6104K, capacity 6270K, committed 6320K, reserved 1048576K
Event: 28.265 GC heap after
Heap after GC invocations=10 (full 2):
 PSYoungGen      total 230400K, used 7930K [0x00000000eb800000, 0x00000000fa980000, 0x0000000100000000)
  eden space 222208K, 0% used [0x00000000eb800000,0x00000000eb800000,0x00000000f9100000)
  from space 8192K, 96% used [0x00000000fa180000,0x00000000fa93ea78,0x00000000fa980000)
  to   space 10752K, 0% used [0x00000000f9480000,0x00000000f9480000,0x00000000f9f00000)
 ParOldGen       total 44544K, used 18814K [0x00000000c2800000, 0x00000000c5380000, 0x00000000eb800000)
  object space 44544K, 42% used [0x00000000c2800000,0x00000000c3a5f9a8,0x00000000c5380000)
 Metaspace       used 42749K, capacity 43362K, committed 43432K, reserved 1087488K
  class space    used 6104K, capacity 6270K, committed 6320K, reserved 1048576K
}
Event: 92.380 GC heap before
{Heap before GC invocations=11 (full 2):
 PSYoungGen      total 230400K, used 226664K [0x00000000eb800000, 0x00000000fa980000, 0x0000000100000000)
  eden space 222208K, 98% used [0x00000000eb800000,0x00000000f8d9b6d0,0x00000000f9100000)
  from space 8192K, 96% used [0x00000000fa180000,0x00000000fa93ea78,0x00000000fa980000)
  to   space 10752K, 0% used [0x00000000f9480000,0x00000000f9480000,0x00000000f9f00000)
 ParOldGen       total 44544K, used 18814K [0x00000000c2800000, 0x00000000c5380000, 0x00000000eb800000)
  object space 44544K, 42% used [0x00000000c2800000,0x00000000c3a5f9a8,0x00000000c5380000)
 Metaspace       used 44621K, capacity 45350K, committed 45480K, reserved 1087488K
  class space    used 6327K, capacity 6516K, committed 6576K, reserved 1048576K

