# JRE version: OpenJDK Runtime Environment (8.0_91-b14) (build 1.8.0_91-8u91-b14-3ubuntu1~16.04.1-b14)
# Java VM: OpenJDK 64-Bit Server VM (25.91-b14 mixed mode linux-amd64 compressed oops)
Heap:
 PSYoungGen      total 332800K, used 38788K [0x00000000eb800000, 0x0000000100000000, 0x0000000100000000)
  eden space 329728K, 11% used [0x00000000eb800000,0x00000000eddc1030,0x00000000ffa00000)
  from space 3072K, 4% used [0x00000000ffd00000,0x00000000ffd20000,0x0000000100000000)
  to   space 3072K, 0% used [0x00000000ffa00000,0x00000000ffa00000,0x00000000ffd00000)
 ParOldGen       total 331776K, used 163716K [0x00000000c2800000, 0x00000000d6c00000, 0x00000000eb800000)
  object space 331776K, 49% used [0x00000000c2800000,0x00000000cc7e11d8,0x00000000d6c00000)
 Metaspace       used 52639K, capacity 53370K, committed 53672K, reserved 1095680K
  class space    used 7020K, capacity 7200K, committed 7344K, reserved 1048576K
GC Heap History (10 events):
Event: 854.972 GC heap before
{Heap before GC invocations=4998 (full 28):
 PSYoungGen      total 333824K, used 333815K [0x00000000eb800000, 0x0000000100000000, 0x0000000100000000)
  eden space 331776K, 100% used [0x00000000eb800000,0x00000000ffc00000,0x00000000ffc00000)
  from space 2048K, 99% used [0x00000000ffc00000,0x00000000ffdfdd10,0x00000000ffe00000)
  to   space 2048K, 0% used [0x00000000ffe00000,0x00000000ffe00000,0x0000000100000000)
 ParOldGen       total 331776K, used 161676K [0x00000000c2800000, 0x00000000d6c00000, 0x00000000eb800000)
  object space 331776K, 48% used [0x00000000c2800000,0x00000000cc5e31d8,0x00000000d6c00000)
 Metaspace       used 52638K, capacity 53370K, committed 53672K, reserved 1095680K
  class space    used 7020K, capacity 7200K, committed 7344K, reserved 1048576K
Event: 855.004 GC heap after
Heap after GC invocations=4998 (full 28):
 PSYoungGen      total 330752K, used 64K [0x00000000eb800000, 0x0000000100000000, 0x0000000100000000)
  eden space 328704K, 0% used [0x00000000eb800000,0x00000000eb800000,0x00000000ff900000)
  from space 2048K, 3% used [0x00000000ffe00000,0x00000000ffe10000,0x0000000100000000)
  to   space 3584K, 0% used [0x00000000ff900000,0x00000000ff900000,0x00000000ffc80000)
 ParOldGen       total 331776K, used 163684K [0x00000000c2800000, 0x00000000d6c00000, 0x00000000eb800000)
  object space 331776K, 49% used [0x00000000c2800000,0x00000000cc7d91d8,0x00000000d6c00000)
 Metaspace       used 52638K, capacity 53370K, committed 53672K, reserved 1095680K
  class space    used 7020K, capacity 7200K, committed 7344K, reserved 1048576K
}
Event: 855.121 GC heap before
{Heap before GC invocations=4999 (full 28):
 PSYoungGen      total 330752K, used 328768K [0x00000000eb800000, 0x0000000100000000, 0x0000000100000000)
  eden space 328704K, 100% used [0x00000000eb800000,0x00000000ff900000,0x00000000ff900000)
  from space 2048K, 3% used [0x00000000ffe00000,0x00000000ffe10000,0x0000000100000000)
  to   space 3584K, 0% used [0x00000000ff900000,0x00000000ff900000,0x00000000ffc80000)
 ParOldGen       total 331776K, used 163684K [0x00000000c2800000, 0x00000000d6c00000, 0x00000000eb800000)
  object space 331776K, 49% used [0x00000000c2800000,0x00000000cc7d91d8,0x00000000d6c00000)
 Metaspace       used 52638K, capacity 53370K, committed 53672K, reserved 1095680K
  class space    used 7020K, capacity 7200K, committed 7344K, reserved 1048576K
Event: 855.124 GC heap after
Heap after GC invocations=4999 (full 28):
 PSYoungGen      total 332288K, used 64K [0x00000000eb800000, 0x0000000100000000, 0x0000000100000000)
  eden space 328704K, 0% used [0x00000000eb800000,0x00000000eb800000,0x00000000ff900000)
  from space 3584K, 1% used [0x00000000ff900000,0x00000000ff910000,0x00000000ffc80000)
  to   space 3584K, 0% used [0x00000000ffc80000,0x00000000ffc80000,0x0000000100000000)
 ParOldGen       total 331776K, used 163692K [0x00000000c2800000, 0x00000000d6c00000, 0x00000000eb800000)
  object space 331776K, 49% used [0x00000000c2800000,0x00000000cc7db1d8,0x00000000d6c00000)
 Metaspace       used 52638K, capacity 53370K, committed 53672K, reserved 1095680K
  class space    used 7020K, capacity 7200K, committed 7344K, reserved 1048576K
}
Event: 855.245 GC heap before
{Heap before GC invocations=5000 (full 28):
 PSYoungGen      total 332288K, used 328768K [0x00000000eb800000, 0x0000000100000000, 0x0000000100000000)
  eden space 328704K, 100% used [0x00000000eb800000,0x00000000ff900000,0x00000000ff900000)
  from space 3584K, 1% used [0x00000000ff900000,0x00000000ff910000,0x00000000ffc80000)
  to   space 3584K, 0% used [0x00000000ffc80000,0x00000000ffc80000,0x0000000100000000)
 ParOldGen       total 331776K, used 163692K [0x00000000c2800000, 0x00000000d6c00000, 0x00000000eb800000)
  object space 331776K, 49% used [0x00000000c2800000,0x00000000cc7db1d8,0x00000000d6c00000)
 Metaspace       used 52638K, capacity 53370K, committed 53672K, reserved 1095680K
  class space    used 7020K, capacity 7200K, committed 7344K, reserved 1048576K
Event: 855.248 GC heap after
Heap after GC invocations=5000 (full 28):
 PSYoungGen      total 331264K, used 64K [0x00000000eb800000, 0x00000000fff00000, 0x0000000100000000)
  eden space 328704K, 0% used [0x00000000eb800000,0x00000000eb800000,0x00000000ff900000)
  from space 2560K, 2% used [0x00000000ffc80000,0x00000000ffc90000,0x00000000fff00000)
  to   space 3072K, 0% used [0x00000000ff900000,0x00000000ff900000,0x00000000ffc00000)
 ParOldGen       total 331776K, used 163700K [0x00000000c2800000, 0x00000000d6c00000, 0x00000000eb800000)
  object space 331776K, 49% used [0x00000000c2800000,0x00000000cc7dd1d8,0x00000000d6c00000)
 Metaspace       used 52638K, capacity 53370K, committed 53672K, reserved 1095680K
  class space    used 7020K, capacity 7200K, committed 7344K, reserved 1048576K
}
Event: 855.371 GC heap before
{Heap before GC invocations=5001 (full 28):
 PSYoungGen      total 331264K, used 328768K [0x00000000eb800000, 0x00000000fff00000, 0x0000000100000000)
  eden space 328704K, 100% used [0x00000000eb800000,0x00000000ff900000,0x00000000ff900000)
  from space 2560K, 2% used [0x00000000ffc80000,0x00000000ffc90000,0x00000000fff00000)
  to   space 3072K, 0% used [0x00000000ff900000,0x00000000ff900000,0x00000000ffc00000)
 ParOldGen       total 331776K, used 163700K [0x00000000c2800000, 0x00000000d6c00000, 0x00000000eb800000)
  object space 331776K, 49% used [0x00000000c2800000,0x00000000cc7dd1d8,0x00000000d6c00000)
 Metaspace       used 52638K, capacity 53370K, committed 53672K, reserved 1095680K
  class space    used 7020K, capacity 7200K, committed 7344K, reserved 1048576K
Event: 855.374 GC heap after
Heap after GC invocations=5001 (full 28):
 PSYoungGen      total 331776K, used 64K [0x00000000eb800000, 0x0000000100000000, 0x0000000100000000)
  eden space 328704K, 0% used [0x00000000eb800000,0x00000000eb800000,0x00000000ff900000)
  from space 3072K, 2% used [0x00000000ff900000,0x00000000ff910000,0x00000000ffc00000)
  to   space 3072K, 0% used [0x00000000ffd00000,0x00000000ffd00000,0x0000000100000000)
 ParOldGen       total 331776K, used 163708K [0x00000000c2800000, 0x00000000d6c00000, 0x00000000eb800000)
  object space 331776K, 49% used [0x00000000c2800000,0x00000000cc7df1d8,0x00000000d6c00000)
 Metaspace       used 52638K, capacity 53370K, committed 53672K, reserved 1095680K
  class space    used 7020K, capacity 7200K, committed 7344K, reserved 1048576K
}
Event: 859.442 GC heap before
{Heap before GC invocations=5002 (full 28):
 PSYoungGen      total 331776K, used 328768K [0x00000000eb800000, 0x0000000100000000, 0x0000000100000000)
  eden space 328704K, 100% used [0x00000000eb800000,0x00000000ff900000,0x00000000ff900000)
  from space 3072K, 2% used [0x00000000ff900000,0x00000000ff910000,0x00000000ffc00000)
  to   space 3072K, 0% used [0x00000000ffd00000,0x00000000ffd00000,0x0000000100000000)
 ParOldGen       total 331776K, used 163708K [0x00000000c2800000, 0x00000000d6c00000, 0x00000000eb800000)
  object space 331776K, 49% used [0x00000000c2800000,0x00000000cc7df1d8,0x00000000d6c00000)
 Metaspace       used 52638K, capacity 53370K, committed 53672K, reserved 1095680K
  class space    used 7020K, capacity 7200K, committed 7344K, reserved 1048576K
Event: 878.609 GC heap after
Heap after GC invocations=5002 (full 28):
 PSYoungGen      total 332800K, used 128K [0x00000000eb800000, 0x0000000100000000, 0x0000000100000000)
  eden space 329728K, 0% used [0x00000000eb800000,0x00000000eb800000,0x00000000ffa00000)
  from space 3072K, 4% used [0x00000000ffd00000,0x00000000ffd20000,0x0000000100000000)
  to   space 3072K, 0% used [0x00000000ffa00000,0x00000000ffa00000,0x00000000ffd00000)
 ParOldGen       total 331776K, used 163716K [0x00000000c2800000, 0x00000000d6c00000, 0x00000000eb800000)
  object space 331776K, 49% used [0x00000000c2800000,0x00000000cc7e11d8,0x00000000d6c00000)
 Metaspace       used 52638K, capacity 53370K, committed 53672K, reserved 1095680K
  class space    used 7020K, capacity 7200K, committed 7344K, reserved 1048576K
}

